  Determining projects to restore...
D:\GIT\HOME\job_out\workspace\src\bandoan\TapHoa\TapHoa.Application\TapHoa.Application.csproj : warning NU1903: Package 'SQLitePCLRaw.lib.e_sqlite3' 2.1.11 has a known high severity vulnerability, https://github.com/advisories/GHSA-2m69-gcr7-jv3q [D:\GIT\HOME\job_out\workspace\src\bandoan\TapHoa\TapHoa.slnx]
D:\GIT\HOME\job_out\workspace\src\bandoan\TapHoa\TapHoa.Infrastructure\TapHoa.Infrastructure.csproj : warning NU1903: Package 'SQLitePCLRaw.lib.e_sqlite3' 2.1.11 has a known high severity vulnerability, https://github.com/advisories/GHSA-2m69-gcr7-jv3q [D:\GIT\HOME\job_out\workspace\src\bandoan\TapHoa\TapHoa.slnx]
D:\GIT\HOME\job_out\workspace\src\bandoan\TapHoa\TapHoa.API\TapHoa.API.csproj : warning NU1903: Package 'SQLitePCLRaw.lib.e_sqlite3' 2.1.11 has a known high severity vulnerability, https://github.com/advisories/GHSA-2m69-gcr7-jv3q [D:\GIT\HOME\job_out\workspace\src\bandoan\TapHoa\TapHoa.slnx]
  All projects are up-to-date for restore.
D:\GIT\HOME\job_out\workspace\src\bandoan\TapHoa\TapHoa.Infrastructure\TapHoa.Infrastructure.csproj : warning NU1903: Package 'SQLitePCLRaw.lib.e_sqlite3' 2.1.11 has a known high severity vulnerability, https://github.com/advisories/GHSA-2m69-gcr7-jv3q
D:\GIT\HOME\job_out\workspace\src\bandoan\TapHoa\TapHoa.Application\TapHoa.Application.csproj : warning NU1903: Package 'SQLitePCLRaw.lib.e_sqlite3' 2.1.11 has a known high severity vulnerability, https://github.com/advisories/GHSA-2m69-gcr7-jv3q
  TapHoa.Domain -> D:\GIT\HOME\job_out\workspace\src\bandoan\TapHoa\TapHoa.Domain\bin\Debug\net10.0\TapHoa.Domain.dll
D:\GIT\HOME\job_out\workspace\src\bandoan\TapHoa\TapHoa.API\TapHoa.API.csproj : warning NU1903: Package 'SQLitePCLRaw.lib.e_sqlite3' 2.1.11 has a known high severity vulnerability, https://github.com/advisories/GHSA-2m69-gcr7-jv3q
D:\GIT\HOME\job_out\workspace\src\bandoan\TapHoa\TapHoa.Application\Audits\Queries\GetAuditLogsQuery.cs(4,14): error CS0234: The type or namespace name 'Infrastructure' does not exist in the namespace 'TapHoa' (are you missing an assembly reference?) [D:\GIT\HOME\job_out\workspace\src\bandoan\TapHoa\TapHoa.Application\TapHoa.Application.csproj]
D:\GIT\HOME\job_out\workspace\src\bandoan\TapHoa\TapHoa.Application\Behaviors\AuditBehavior.cs(2,17): error CS0234: The type or namespace name 'AspNetCore' does not exist in the namespace 'Microsoft' (are you missing an assembly reference?) [D:\GIT\HOME\job_out\workspace\src\bandoan\TapHoa\TapHoa.Application\TapHoa.Application.csproj]
D:\GIT\HOME\job_out\workspace\src\bandoan\TapHoa\TapHoa.Application\Behaviors\AuditBehavior.cs(4,14): error CS0234: The type or namespace name 'Infrastructure' does not exist in the namespace 'TapHoa' (are you missing an assembly reference?) [D:\GIT\HOME\job_out\workspace\src\bandoan\TapHoa\TapHoa.Application\TapHoa.Application.csproj]
D:\GIT\HOME\job_out\workspace\src\bandoan\TapHoa\TapHoa.Application\Behaviors\AuditBehavior.cs(13,22): error CS0246: The type or namespace name 'AppDbContext' could not be found (are you missing a using directive or an assembly reference?) [D:\GIT\HOME\job_out\workspace\src\bandoan\TapHoa\TapHoa.Application\TapHoa.Application.csproj]
D:\GIT\HOME\job_out\workspace\src\bandoan\TapHoa\TapHoa.Application\Behaviors\AuditBehavior.cs(14,22): error CS0246: The type or namespace name 'IHttpContextAccessor' could not be found (are you missing a using directive or an assembly reference?) [D:\GIT\HOME\job_out\workspace\src\bandoan\TapHoa\TapHoa.Application\TapHoa.Application.csproj]
D:\GIT\HOME\job_out\workspace\src\bandoan\TapHoa\TapHoa.Application\Behaviors\AuditBehavior.cs(17,26): error CS0246: The type or namespace name 'AppDbContext' could not be found (are you missing a using directive or an assembly reference?) [D:\GIT\HOME\job_out\workspace\src\bandoan\TapHoa\TapHoa.Application\TapHoa.Application.csproj]
D:\GIT\HOME\job_out\workspace\src\bandoan\TapHoa\TapHoa.Application\Behaviors\AuditBehavior.cs(17,50): error CS0246: The type or namespace name 'IHttpContextAccessor' could not be found (are you missing a using directive or an assembly reference?) [D:\GIT\HOME\job_out\workspace\src\bandoan\TapHoa\TapHoa.Application\TapHoa.Application.csproj]
D:\GIT\HOME\job_out\workspace\src\bandoan\TapHoa\TapHoa.Application\Audits\Queries\GetAuditLogsQuery.cs(14,22): error CS0246: The type or namespace name 'AppDbContext' could not be found (are you missing a using directive or an assembly reference?) [D:\GIT\HOME\job_out\workspace\src\bandoan\TapHoa\TapHoa.Application\TapHoa.Application.csproj]
D:\GIT\HOME\job_out\workspace\src\bandoan\TapHoa\TapHoa.Application\Audits\Queries\GetAuditLogsQuery.cs(16,37): error CS0246: The type or namespace name 'AppDbContext' could not be found (are you missing a using directive or an assembly reference?) [D:\GIT\HOME\job_out\workspace\src\bandoan\TapHoa\TapHoa.Application\TapHoa.Application.csproj]

Build FAILED.

D:\GIT\HOME\job_out\workspace\src\bandoan\TapHoa\TapHoa.Application\TapHoa.Application.csproj : warning NU1903: Package 'SQLitePCLRaw.lib.e_sqlite3' 2.1.11 has a known high severity vulnerability, https://github.com/advisories/GHSA-2m69-gcr7-jv3q [D:\GIT\HOME\job_out\workspace\src\bandoan\TapHoa\TapHoa.slnx]
D:\GIT\HOME\job_out\workspace\src\bandoan\TapHoa\TapHoa.Infrastructure\TapHoa.Infrastructure.csproj : warning NU1903: Package 'SQLitePCLRaw.lib.e_sqlite3' 2.1.11 has a known high severity vulnerability, https://github.com/advisories/GHSA-2m69-gcr7-jv3q [D:\GIT\HOME\job_out\workspace\src\bandoan\TapHoa\TapHoa.slnx]
D:\GIT\HOME\job_out\workspace\src\bandoan\TapHoa\TapHoa.API\TapHoa.API.csproj : warning NU1903: Package 'SQLitePCLRaw.lib.e_sqlite3' 2.1.11 has a known high severity vulnerability, https://github.com/advisories/GHSA-2m69-gcr7-jv3q [D:\GIT\HOME\job_out\workspace\src\bandoan\TapHoa\TapHoa.slnx]
D:\GIT\HOME\job_out\workspace\src\bandoan\TapHoa\TapHoa.Infrastructure\TapHoa.Infrastructure.csproj : warning NU1903: Package 'SQLitePCLRaw.lib.e_sqlite3' 2.1.11 has a known high severity vulnerability, https://github.com/advisories/GHSA-2m69-gcr7-jv3q
D:\GIT\HOME\job_out\workspace\src\bandoan\TapHoa\TapHoa.Application\TapHoa.Application.csproj : warning NU1903: Package 'SQLitePCLRaw.lib.e_sqlite3' 2.1.11 has a known high severity vulnerability, https://github.com/advisories/GHSA-2m69-gcr7-jv3q
D:\GIT\HOME\job_out\workspace\src\bandoan\TapHoa\TapHoa.API\TapHoa.API.csproj : warning NU1903: Package 'SQLitePCLRaw.lib.e_sqlite3' 2.1.11 has a known high severity vulnerability, https://github.com/advisories/GHSA-2m69-gcr7-jv3q
D:\GIT\HOME\job_out\workspace\src\bandoan\TapHoa\TapHoa.Application\Audits\Queries\GetAuditLogsQuery.cs(4,14): error CS0234: The type or namespace name 'Infrastructure' does not exist in the namespace 'TapHoa' (are you missing an assembly reference?) [D:\GIT\HOME\job_out\workspace\src\bandoan\TapHoa\TapHoa.Application\TapHoa.Application.csproj]
D:\GIT\HOME\job_out\workspace\src\bandoan\TapHoa\TapHoa.Application\Behaviors\AuditBehavior.cs(2,17): error CS0234: The type or namespace name 'AspNetCore' does not exist in the namespace 'Microsoft' (are you missing an assembly reference?) [D:\GIT\HOME\job_out\workspace\src\bandoan\TapHoa\TapHoa.Application\TapHoa.Application.csproj]
D:\GIT\HOME\job_out\workspace\src\bandoan\TapHoa\TapHoa.Application\Behaviors\AuditBehavior.cs(4,14): error CS0234: The type or namespace name 'Infrastructure' does not exist in the namespace 'TapHoa' (are you missing an assembly reference?) [D:\GIT\HOME\job_out\workspace\src\bandoan\TapHoa\TapHoa.Application\TapHoa.Application.csproj]
D:\GIT\HOME\job_out\workspace\src\bandoan\TapHoa\TapHoa.Application\Behaviors\AuditBehavior.cs(13,22): error CS0246: The type or namespace name 'AppDbContext' could not be found (are you missing a using directive or an assembly reference?) [D:\GIT\HOME\job_out\workspace\src\bandoan\TapHoa\TapHoa.Application\TapHoa.Application.csproj]
D:\GIT\HOME\job_out\workspace\src\bandoan\TapHoa\TapHoa.Application\Behaviors\AuditBehavior.cs(14,22): error CS0246: The type or namespace name 'IHttpContextAccessor' could not be found (are you missing a using directive or an assembly reference?) [D:\GIT\HOME\job_out\workspace\src\bandoan\TapHoa\TapHoa.Application\TapHoa.Application.csproj]
D:\GIT\HOME\job_out\workspace\src\bandoan\TapHoa\TapHoa.Application\Behaviors\AuditBehavior.cs(17,26): error CS0246: The type or namespace name 'AppDbContext' could not be found (are you missing a using directive or an assembly reference?) [D:\GIT\HOME\job_out\workspace\src\bandoan\TapHoa\TapHoa.Application\TapHoa.Application.csproj]
D:\GIT\HOME\job_out\workspace\src\bandoan\TapHoa\TapHoa.Application\Behaviors\AuditBehavior.cs(17,50): error CS0246: The type or namespace name 'IHttpContextAccessor' could not be found (are you missing a using directive or an assembly reference?) [D:\GIT\HOME\job_out\workspace\src\bandoan\TapHoa\TapHoa.Application\TapHoa.Application.csproj]
D:\GIT\HOME\job_out\workspace\src\bandoan\TapHoa\TapHoa.Application\Audits\Queries\GetAuditLogsQuery.cs(14,22): error CS0246: The type or namespace name 'AppDbContext' could not be found (are you missing a using directive or an assembly reference?) [D:\GIT\HOME\job_out\workspace\src\bandoan\TapHoa\TapHoa.Application\TapHoa.Application.csproj]
D:\GIT\HOME\job_out\workspace\src\bandoan\TapHoa\TapHoa.Application\Audits\Queries\GetAuditLogsQuery.cs(16,37): error CS0246: The type or namespace name 'AppDbContext' could not be found (are you missing a using directive or an assembly reference?) [D:\GIT\HOME\job_out\workspace\src\bandoan\TapHoa\TapHoa.Application\TapHoa.Application.csproj]
    6 Warning(s)
    9 Error(s)

Time Elapsed 00:00:03.21
