
> vinesh-nextjs@0.1.0 build
> next build

Γû▓ Next.js 16.2.9 (Turbopack)
- Environments: .env

node.exe : ΓÜá The 
"middleware" file convention 
is deprecated. Please use 
"proxy" instead. Learn more: h
ttps://nextjs.org/docs/message
s/middleware-to-proxy
At line:1 char:1
+ & "C:\Program 
Files\nodejs/node.exe" 
"C:\Program 
Files\nodejs/node_mo ...
+ ~~~~~~~~~~~~~~~~~~~~~~~~~~~~
~~~~~~~~~~~~~~~~~~~~~~~~~~~~~~
~~~~~~~~~~~
    + CategoryInfo          : 
    NotSpecified: (ΓÜá The "  
  middle...leware-to-proxy:   
 String) [], RemoteExcepti    
on
    + FullyQualifiedErrorId : 
    NativeCommandError
 
  Creating an optimized production build ...
Γ£ô Compiled successfully in 7.3s
  Running TypeScript ...
  Finished TypeScript in 5.1s ...
  Collecting page data using 7 workers ...
  Generating static pages using 7 workers (0/17) ...
  Generating static pages using 7 workers (4/17) 
  Generating static pages using 7 workers (8/17) 
  Generating static pages using 7 workers (12/17) 
Γ£ô Generating static pages using 7 workers (17/17) in 298ms
  Finalizing page optimization ...

Route (app)
Γöî Γùï /_not-found
Γö£ ╞Æ /[lang]
Γö£ ╞Æ /[lang]/category/[slug]
Γö£ ╞Æ /admin
Γö£ ╞Æ /admin/categories
Γö£ ╞Æ /admin/categories/[id]
Γö£ ╞Æ /admin/categories/new
Γö£ ╞Æ /admin/languages
Γö£ ╞Æ /admin/pages/new
Γö£ ╞Æ /admin/services
Γö£ ╞Æ /admin/services/[id]
Γö£ ╞Æ /admin/services/new
Γö£ ╞Æ /admin/settings
Γö£ ╞Æ /admin/slides
Γö£ ╞Æ /admin/slides/[id]
Γö£ ╞Æ /admin/slides/new
Γö£ ╞Æ /admin/users
Γö£ ╞Æ /api/auth/[...nextauth]
Γö£ ╞Æ /api/seed
Γö£ ╞Æ /api/setup
Γöö Γùï /login


╞Æ Proxy (Middleware)

Γùï  (Static)   prerendered as static content
╞Æ  (Dynamic)  server-rendered on demand

